Sun Sep 20 17:06:45 2009 [8628] (warning) Use of uninitialized value $bar in concatenation (.) or string at t/03_route_handler/05_error_catching.t line 15, <DATA> line 16. in lib/Dancer/Renderer.pm l. 59
Sun Sep 20 17:07:02 2009 [8660] (warning) Use of uninitialized value $bar in concatenation (.) or string at t/03_route_handler/05_error_catching.t line 15, <DATA> line 16. in /home/sukria/Devel/Dancer/blib/lib/Dancer/Renderer.pm l. 59
Sun Sep 20 20:25:37 2009 [12992] (warning) Use of uninitialized value $bar in concatenation (.) or string at t/03_route_handler/05_error_catching.t line 15, <DATA> line 16. in /home/sukria/Devel/Dancer/blib/lib/Dancer/Renderer.pm l. 72
Sun Sep 20 20:29:00 2009 [13005] (warning) Use of uninitialized value $bar in concatenation (.) or string at t/03_route_handler/05_error_catching.t line 14, <DATA> line 16. in lib/Dancer/Renderer.pm l. 72
Sun Sep 20 20:29:00 2009 [13005] (warning) Use of uninitialized value $bar in concatenation (.) or string at t/03_route_handler/05_error_catching.t line 14, <DATA> line 16. in lib/Dancer/Renderer.pm l. 72
Sun Sep 20 20:29:44 2009 [13007] (warning) Use of uninitialized value $bar in concatenation (.) or string at t/03_route_handler/05_error_catching.t line 14, <DATA> line 16. in lib/Dancer/Renderer.pm l. 72
Sun Sep 20 20:29:44 2009 [13007] (warning) Use of uninitialized value $bar in concatenation (.) or string at t/03_route_handler/05_error_catching.t line 14, <DATA> line 16. in lib/Dancer/Renderer.pm l. 72
Sun Sep 20 20:30:03 2009 [13118] (warning) Use of uninitialized value $bar in concatenation (.) or string at t/03_route_handler/05_error_catching.t line 14, <DATA> line 16. in lib/Dancer/Renderer.pm l. 72
Sun Sep 20 20:30:03 2009 [13118] (warning) Use of uninitialized value $bar in concatenation (.) or string at t/03_route_handler/05_error_catching.t line 14, <DATA> line 16. in lib/Dancer/Renderer.pm l. 72
Sun Sep 20 20:30:36 2009 [13148] (warning) Use of uninitialized value $bar in concatenation (.) or string at t/03_route_handler/05_error_catching.t line 14, <DATA> line 16. in /home/sukria/Devel/Dancer/blib/lib/Dancer/Renderer.pm l. 72
Sun Sep 20 20:30:36 2009 [13148] (warning) Use of uninitialized value $bar in concatenation (.) or string at t/03_route_handler/05_error_catching.t line 14, <DATA> line 16. in /home/sukria/Devel/Dancer/blib/lib/Dancer/Renderer.pm l. 72
Sun Sep 20 21:33:07 2009 [14973] (warning) Use of uninitialized value $bar in concatenation (.) or string at t/03_route_handler/05_error_catching.t line 14, <DATA> line 16. in /home/sukria/Devel/Dancer/blib/lib/Dancer/Renderer.pm l. 74
Sun Sep 20 21:33:07 2009 [14973] (warning) Use of uninitialized value $bar in concatenation (.) or string at t/03_route_handler/05_error_catching.t line 14, <DATA> line 16. in /home/sukria/Devel/Dancer/blib/lib/Dancer/Renderer.pm l. 74
Mon Sep 21 22:57:48 2009 [3000] (warning) Use of uninitialized value $bar in concatenation (.) or string at t/03_route_handler/05_error_catching.t line 14. in /home/sukria/Devel/Dancer/blib/lib/Dancer/Renderer.pm l. 74
Mon Sep 21 22:57:48 2009 [3000] (warning) Use of uninitialized value $bar in concatenation (.) or string at t/03_route_handler/05_error_catching.t line 14. in /home/sukria/Devel/Dancer/blib/lib/Dancer/Renderer.pm l. 74
Mon Sep 21 23:01:03 2009 [3201] (warning) Use of uninitialized value $bar in concatenation (.) or string at t/03_route_handler/05_error_catching.t line 14. in lib/Dancer/Renderer.pm l. 74
Mon Sep 21 23:01:03 2009 [3201] (warning) Use of uninitialized value $bar in concatenation (.) or string at t/03_route_handler/05_error_catching.t line 14. in lib/Dancer/Renderer.pm l. 74
Mon Sep 21 23:01:22 2009 [3237] (warning) Use of uninitialized value $bar in concatenation (.) or string at t/03_route_handler/05_error_catching.t line 14. in /home/sukria/Devel/Dancer/blib/lib/Dancer/Renderer.pm l. 74
Mon Sep 21 23:01:22 2009 [3237] (warning) Use of uninitialized value $bar in concatenation (.) or string at t/03_route_handler/05_error_catching.t line 14. in /home/sukria/Devel/Dancer/blib/lib/Dancer/Renderer.pm l. 74
Mon Sep 21 23:28:30 2009 [3645] (warning) Use of uninitialized value $bar in concatenation (.) or string at t/03_route_handler/05_error_catching.t line 14. in /home/sukria/Devel/Dancer/blib/lib/Dancer/Renderer.pm l. 74
Mon Sep 21 23:28:30 2009 [3645] (warning) Use of uninitialized value $bar in concatenation (.) or string at t/03_route_handler/05_error_catching.t line 14. in /home/sukria/Devel/Dancer/blib/lib/Dancer/Renderer.pm l. 74
Wed Sep 23 23:25:25 2009 [18370] (warning) Use of uninitialized value $bar in concatenation (.) or string at t/03_route_handler/05_error_catching.t line 14. in /home/sukria/Devel/Dancer/blib/lib/Dancer/Renderer.pm l. 74
Wed Sep 23 23:25:25 2009 [18370] (warning) Use of uninitialized value $bar in concatenation (.) or string at t/03_route_handler/05_error_catching.t line 14. in /home/sukria/Devel/Dancer/blib/lib/Dancer/Renderer.pm l. 74
