Mon Sep 21 22:57:50 2009 [3004] (debug) mime for t/04_static_file/static//hello.txt is :
        text/plain in /home/sukria/Devel/Dancer/blib/lib/Dancer/Renderer.pm l. 81
Mon Sep 21 22:57:50 2009 [3005] (debug) mime for t/04_static_file/static//hello.foo is :
        text/plain in /home/sukria/Devel/Dancer/blib/lib/Dancer/Renderer.pm l. 81
Mon Sep 21 22:57:50 2009 [3005] (debug) mime for t/04_static_file/static//hello.foo is :
        text/foo in /home/sukria/Devel/Dancer/blib/lib/Dancer/Renderer.pm l. 81
Mon Sep 21 22:57:50 2009 [3005] (debug) mime for t/04_static_file/static//hello.txt is :
        text/plain in /home/sukria/Devel/Dancer/blib/lib/Dancer/Renderer.pm l. 81
Mon Sep 21 23:01:23 2009 [3241] (debug) mime for t/04_static_file/static//hello.txt is :
        text/plain in /home/sukria/Devel/Dancer/blib/lib/Dancer/Renderer.pm l. 81
Mon Sep 21 23:01:24 2009 [3242] (debug) mime for t/04_static_file/static//hello.foo is :
        text/plain in /home/sukria/Devel/Dancer/blib/lib/Dancer/Renderer.pm l. 81
Mon Sep 21 23:01:24 2009 [3242] (debug) mime for t/04_static_file/static//hello.foo is :
        text/foo in /home/sukria/Devel/Dancer/blib/lib/Dancer/Renderer.pm l. 81
Mon Sep 21 23:01:24 2009 [3242] (debug) mime for t/04_static_file/static//hello.txt is :
        text/plain in /home/sukria/Devel/Dancer/blib/lib/Dancer/Renderer.pm l. 81
Mon Sep 21 23:28:32 2009 [3649] (debug) mime for t/04_static_file/static//hello.txt is :
        text/plain in /home/sukria/Devel/Dancer/blib/lib/Dancer/Renderer.pm l. 81
Mon Sep 21 23:28:32 2009 [3650] (debug) mime for t/04_static_file/static//hello.foo is :
        text/plain in /home/sukria/Devel/Dancer/blib/lib/Dancer/Renderer.pm l. 81
Mon Sep 21 23:28:32 2009 [3650] (debug) mime for t/04_static_file/static//hello.foo is :
        text/foo in /home/sukria/Devel/Dancer/blib/lib/Dancer/Renderer.pm l. 81
Mon Sep 21 23:28:32 2009 [3650] (debug) mime for t/04_static_file/static//hello.txt is :
        text/plain in /home/sukria/Devel/Dancer/blib/lib/Dancer/Renderer.pm l. 81
Wed Sep 23 23:25:27 2009 [18374] (debug) mime for t/04_static_file/static//hello.txt is :
        text/plain in /home/sukria/Devel/Dancer/blib/lib/Dancer/Renderer.pm l. 81
Wed Sep 23 23:25:27 2009 [18375] (debug) mime for t/04_static_file/static//hello.foo is :
        text/plain in /home/sukria/Devel/Dancer/blib/lib/Dancer/Renderer.pm l. 81
Wed Sep 23 23:25:27 2009 [18375] (debug) mime for t/04_static_file/static//hello.foo is :
        text/foo in /home/sukria/Devel/Dancer/blib/lib/Dancer/Renderer.pm l. 81
Wed Sep 23 23:25:27 2009 [18375] (debug) mime for t/04_static_file/static//hello.txt is :
        text/plain in /home/sukria/Devel/Dancer/blib/lib/Dancer/Renderer.pm l. 81
