Sun Sep 20 21:39:54 2009 [15159] (debug) mime for /home/sukria/Devel/Dancer/t/06_helpers/public//file.txt is :
        text/plain in lib/Dancer/Renderer.pm l. 81
Sun Sep 20 21:40:13 2009 [15270] (debug) mime for /home/sukria/Devel/Dancer/t/06_helpers/public//file.txt is :
        text/plain in lib/Dancer/Renderer.pm l. 81
Sun Sep 20 21:40:27 2009 [15271] (debug) mime for /home/sukria/Devel/Dancer/t/06_helpers/public//file.txt is :
        text/plain in lib/Dancer/Renderer.pm l. 81
Sun Sep 20 21:41:15 2009 [15273] (debug) mime for /home/sukria/Devel/Dancer/t/06_helpers/public//file.txt is :
        text/plain in lib/Dancer/Renderer.pm l. 81
Sun Sep 20 21:43:20 2009 [15274] (debug) mime for /home/sukria/Devel/Dancer/t/06_helpers/public//file.txt is :
        text/plain in lib/Dancer/Renderer.pm l. 81
Sun Sep 20 21:43:37 2009 [15275] (debug) mime for /home/sukria/Devel/Dancer/t/06_helpers/public//file.txt is :
        text/plain in lib/Dancer/Renderer.pm l. 81
Sun Sep 20 21:43:50 2009 [15276] (debug) mime for /home/sukria/Devel/Dancer/t/06_helpers/public//file.txt is :
        text/plain in lib/Dancer/Renderer.pm l. 81
Mon Sep 21 22:57:53 2009 [3009] (debug) mime for /home/sukria/Devel/Dancer/t/06_helpers/public//file.txt is :
        text/plain in /home/sukria/Devel/Dancer/blib/lib/Dancer/Renderer.pm l. 81
Mon Sep 21 23:01:26 2009 [3247] (debug) mime for /home/sukria/Devel/Dancer/t/06_helpers/public//file.txt is :
        text/plain in /home/sukria/Devel/Dancer/blib/lib/Dancer/Renderer.pm l. 81
Mon Sep 21 23:28:35 2009 [3654] (debug) mime for /home/sukria/Devel/Dancer/t/06_helpers/public//file.txt is :
        text/plain in /home/sukria/Devel/Dancer/blib/lib/Dancer/Renderer.pm l. 81
Wed Sep 23 23:25:30 2009 [18379] (debug) mime for /home/sukria/Devel/Dancer/t/06_helpers/public//file.txt is :
        text/plain in /home/sukria/Devel/Dancer/blib/lib/Dancer/Renderer.pm l. 81
